[debug] [2025-11-23T14:03:32.936Z] ----------------------------------------------------------------------
[debug] [2025-11-23T14:03:32.943Z] Command:       C:\Program Files\nodejs\node.exe C:\Users\dell\AppData\Roaming\npm\node_modules\firebase-tools\lib\bin\firebase.js init
[debug] [2025-11-23T14:03:32.943Z] CLI Version:   14.26.0
[debug] [2025-11-23T14:03:32.943Z] Platform:      win32
[debug] [2025-11-23T14:03:32.943Z] Node Version:  v20.12.1
[debug] [2025-11-23T14:03:32.943Z] Time:          Sun Nov 23 2025 22:03:32 GMT+0800 (Ulaanbaatar Standard Time)
[debug] [2025-11-23T14:03:32.943Z] ----------------------------------------------------------------------
[debug] 
[info] 
     ######## #### ########  ######## ########     ###     ######  ########
     ##        ##  ##     ## ##       ##     ##  ##   ##  ##       ##
     ######    ##  ########  ######   ########  #########  ######  ######
     ##        ##  ##    ##  ##       ##     ## ##     ##       ## ##
     ##       #### ##     ## ######## ########  ##     ##  ######  ########

You're about to initialize a Firebase project in this directory:

  C:\Users\dell\Documents\bayanundur\bayanundur-web

[info] 
=== Project Setup
[info] 
[info] First, let's associate this project directory with a Firebase project.
[info] You can create multiple project aliases by running firebase use --add, 
[info] 
[debug] [2025-11-23T14:04:31.161Z] > command requires scopes: ["email","openid","https://www.googleapis.com/auth/cloudplatformprojects.readonly","https://www.googleapis.com/auth/firebase","https://www.googleapis.com/auth/cloud-platform"]
[debug] [2025-11-23T14:04:31.162Z] > authorizing via signed-in user (ganbatariunbold8@gmail.com)
[debug] [2025-11-23T14:04:31.165Z] Checked if tokens are valid: true, expires at: 1763910197422
[debug] [2025-11-23T14:04:31.165Z] Checked if tokens are valid: true, expires at: 1763910197422
[debug] [2025-11-23T14:04:31.168Z] >>> [apiv2][query] GET https://firebase.googleapis.com/v1beta1/projects pageSize=100
[debug] [2025-11-23T14:04:31.987Z] <<< [apiv2][status] GET https://firebase.googleapis.com/v1beta1/projects 200
[debug] [2025-11-23T14:04:31.988Z] <<< [apiv2][body] GET https://firebase.googleapis.com/v1beta1/projects [omitted]
[info] 
=== Hosting Setup
[debug] [2025-11-23T14:04:38.790Z] Checked if tokens are valid: true, expires at: 1763910197422
[debug] [2025-11-23T14:04:38.790Z] Checked if tokens are valid: true, expires at: 1763910197422
[debug] [2025-11-23T14:04:38.791Z] >>> [apiv2][query] GET https://firebase.googleapis.com/v1beta1/projects/bayanundur-backend [none]
[debug] [2025-11-23T14:04:39.278Z] <<< [apiv2][status] GET https://firebase.googleapis.com/v1beta1/projects/bayanundur-backend 200
[debug] [2025-11-23T14:04:39.279Z] <<< [apiv2][body] GET https://firebase.googleapis.com/v1beta1/projects/bayanundur-backend {"projectId":"bayanundur-backend","projectNumber":"517573358540","displayName":"bayanundur-backend","name":"projects/bayanundur-backend","resources":{"hostingSite":"bayanundur-backend"},"state":"ACTIVE","etag":"1_df3f0a8b-4d5d-4717-8747-e84f78ab091a"}
[info] 
[info] Your public directory is the folder (relative to your project directory) that
[info] will contain Hosting assets to be uploaded with firebase deploy. If you
[info] have a build process for your assets, use your build's output directory.
[info] 
[info] 
[info] i  Detected a .git folder at C:\Users\dell\Documents\bayanundur\bayanundur-web 
[info] i  Authorizing with GitHub to upload your service account to a GitHub repository's secrets store. 
[info] 
[info] Visit this URL on this device to log in:
[info] https://github.com/login/oauth/authorize?client_id=89cf50f02ac6aaed3484&state=446969291&redirect_uri=http%3A%2F%2Flocalhost%3A9005&scope=read%3Auser%20repo%20public_repo
[info] 
[info] Waiting for authentication...
[debug] [2025-11-23T14:05:05.164Z] >>> [apiv2][query] POST https://github.com/login/oauth/access_token [none]
[debug] [2025-11-23T14:05:05.164Z] >>> [apiv2][body] POST https://github.com/login/oauth/access_token [stream]
[debug] [2025-11-23T14:05:05.779Z] <<< [apiv2][status] POST https://github.com/login/oauth/access_token 200
[debug] [2025-11-23T14:05:05.779Z] <<< [apiv2][body] POST https://github.com/login/oauth/access_token {"access_token":"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","token_type":"bearer","scope":"read:user,repo"}
[debug] [2025-11-23T14:05:05.790Z] >>> [apiv2][query] GET https://api.github.com/user [none]
[debug] [2025-11-23T14:05:06.459Z] <<< [apiv2][status] GET https://api.github.com/user 200
[debug] [2025-11-23T14:05:06.459Z] <<< [apiv2][body] GET https://api.github.com/user {"login":"AriunboldGG","id":136154144,"node_id":"U_kgDOCB2MIA","avatar_url":"https://avatars.githubusercontent.com/u/136154144?v=4","gravatar_id":"","url":"https://api.github.com/users/AriunboldGG","html_url":"https://github.com/AriunboldGG","followers_url":"https://api.github.com/users/AriunboldGG/followers","following_url":"https://api.github.com/users/AriunboldGG/following{/other_user}","gists_url":"https://api.github.com/users/AriunboldGG/gists{/gist_id}","starred_url":"https://api.github.com/users/AriunboldGG/starred{/owner}{/repo}","subscriptions_url":"https://api.github.com/users/AriunboldGG/subscriptions","organizations_url":"https://api.github.com/users/AriunboldGG/orgs","repos_url":"https://api.github.com/users/AriunboldGG/repos","events_url":"https://api.github.com/users/AriunboldGG/events{/privacy}","received_events_url":"https://api.github.com/users/AriunboldGG/received_events","type":"User","user_view_type":"private","site_admin":false,"name":"Ariunbold","company":null,"blog":"","location":null,"email":null,"hireable":null,"bio":null,"twitter_username":null,"notification_email":null,"public_repos":22,"public_gists":0,"followers":0,"following":0,"created_at":"2023-06-10T07:19:30Z","updated_at":"2025-10-11T04:25:20Z","private_gists":0,"total_private_repos":6,"owned_private_repos":6,"disk_usage":372751,"collaborators":0,"two_factor_authentication":false,"plan":{"name":"free","space":976562499,"collaborators":0,"private_repos":10000}}
[info] 
[info] +  Success! Logged into GitHub as AriunboldGG 
[info] 
[debug] [2025-11-23T14:05:13.789Z] >>> [apiv2][query] GET https://api.github.com/repos//actions/secrets/public-key type=owner
[debug] [2025-11-23T14:05:14.736Z] <<< [apiv2][status] GET https://api.github.com/repos//actions/secrets/public-key 404
[debug] [2025-11-23T14:05:14.736Z] <<< [apiv2][body] GET https://api.github.com/repos//actions/secrets/public-key {"message":"Not Found","documentation_url":"https://docs.github.com/rest","status":"404"}
[info] 
[info] 
[error] !  The provided authorization cannot be used with this repository. If this repository is in an organization, did you remember to grant access? 
[info] 
[info] i  Action required: Visit this URL to ensure access has been granted to the appropriate organization(s) for the Firebase CLI GitHub OAuth App: 
[info] https://github.com/settings/connections/applications/89cf50f02ac6aaed3484
[info] 
[debug] [2025-11-23T14:05:17.593Z] >>> [apiv2][query] GET https://api.github.com/repos//actions/secrets/public-key type=owner
[debug] [2025-11-23T14:05:18.106Z] <<< [apiv2][status] GET https://api.github.com/repos//actions/secrets/public-key 404
[debug] [2025-11-23T14:05:18.107Z] <<< [apiv2][body] GET https://api.github.com/repos//actions/secrets/public-key {"message":"Not Found","documentation_url":"https://docs.github.com/rest","status":"404"}
[info] 
[info] 
[error] !  The provided authorization cannot be used with this repository. If this repository is in an organization, did you remember to grant access? 
[info] 
[info] i  Action required: Visit this URL to ensure access has been granted to the appropriate organization(s) for the Firebase CLI GitHub OAuth App: 
[info] https://github.com/settings/connections/applications/89cf50f02ac6aaed3484
[info] 
[debug] [2025-11-23T14:05:19.627Z] ExitPromptError: User force closed the prompt with SIGINT
    at Interface.sigint (C:\Users\dell\AppData\Roaming\npm\node_modules\firebase-tools\node_modules\@inquirer\core\dist\commonjs\lib\create-prompt.js:101:37)
    at Interface.emit (node:events:518:28)
    at Interface.emit (node:domain:488:12)
    at [_ttyWrite] [as _ttyWrite] (node:internal/readline/interface:1125:18)
    at ReadStream.onkeypress (node:internal/readline/interface:264:20)
    at ReadStream.emit (node:events:530:35)
    at ReadStream.emit (node:domain:488:12)
    at emitKeys (node:internal/readline/utils:371:14)
    at emitKeys.next (<anonymous>)
    at ReadStream.onData (node:internal/readline/emitKeypressEvents:64:36)
[error] 
[error] Error: An unexpected error has occurred.
